
-------
06/19/2017 15:19:52
-------

Error executing 'create table if not exists client (
    id int(15) not null AUTO_INCREMENT,
    first_name varchar(30) not null,
    secord_name varchar(30) not null
) ' (line 5): Incorrect table definition; there can be only one auto column and it must be defined as a key
Error executing 'create table if not exists school (
    id int(15) not null AUTO_INCREMENT,
    school_name varchar(100) not null
) ' (line 9): Incorrect table definition; there can be only one auto column and it must be defined as a key
Error executing 'create table if not exists client_record (
    id int(15) not null AUTO_INCREMENT,
    rows_count int(5) not null,
    description varchar(800) not null,
    amount double(30),
    total_amount double(30)
) ' (line 16): You have an error in your SQL syntax; check the manual that corresponds to your MySQL server version for the right syntax to use near '),
    total_amount double(30)
)' at line 5
Error executing 'create table if not exists school_record (
    id int(15) not null AUTO_INCREMENT,
    rows_count int(5) not null,
    student_ids varchar(800) not null,
    student_names varchar(800) not null,
    programmes varchar(65535) not null,
    start_dates varchar(800) not null,
    fees double(10) not null,
    rate double(5) not null,
    commission double(10) not null,
    gst_amount double(10) not null,
    total_amount double(10) not null
) ' (line 29): You have an error in your SQL syntax; check the manual that corresponds to your MySQL server version for the right syntax to use near ') not null,
    rate double(5) not null,
    commission double(10) not null,
   ' at line 8
Error executing 'create table if not exists company (
    id int(15) not null AUTO_INCREMENT,
    company_name varchar(100) not null,
    address varchar(100) not null,
    post_address varchar(100) not null,
    phone varchar(50) not null,
    email varchar(100) not null,
    gst varchar(100) not null,
    account_name varchar(100) not null,
    account_number varchar(100) not null,
    bank varchar(50) not null,
    swift_code varchar(50) not null 
) ' (line 42): Incorrect table definition; there can be only one auto column and it must be defined as a key
Error executing '' (line 43): Can not issue empty query.

-------
06/21/2017 15:21:09
-------

Error executing 'create table if not exists client_record (
    id int(15) not null AUTO_INCREMENT,
    rows_count int(5) not null,
    description varchar(800) not null,
    amount double(30),
    total_amount double(30),
    primary key (id)
) ' (line 19): You have an error in your SQL syntax; check the manual that corresponds to your MySQL server version for the right syntax to use near '),
    total_amount double(30),
    primary key (id)
)' at line 5
Error executing 'create table if not exists school_record (
    id int(15) not null AUTO_INCREMENT,
    rows_count int(5) not null,
    student_ids varchar(800) not null,
    student_names varchar(800) not null,
    programmes varchar(65535) not null,
    start_dates varchar(800) not null,
    fees double(10) not null,
    rate double(5) not null,
    commission double(10) not null,
    gst_amount double(10) not null,
    total_amount double(10) not null,
    primary key (id)
) ' (line 33): You have an error in your SQL syntax; check the manual that corresponds to your MySQL server version for the right syntax to use near ') not null,
    rate double(5) not null,
    commission double(10) not null,
   ' at line 8
Error executing '' (line 48): Can not issue empty query.

-------
06/23/2017 15:23:55
-------

Error executing 'create table if not exists client (
    id int(15) not null AUTO_INCREMENT,
    first_name varchar(255) not null,
    secord_name varchar(255) not null,
    primary key (id)
)
create table if not exists school (
    id int(15) not null AUTO_INCREMENT,
    school_name varchar(255) not null,
    primary key (id)
)
create table if not exists client_record (
    id int(15) not null AUTO_INCREMENT,
    rows_count int(5) not null,
    description varchar(800) not null,
    amount double(255),
    total_amount double(255),
    primary key (id)
)
create table if not exists school_record (
    id int(15) not null AUTO_INCREMENT,
    rows_count int(5) not null,
    student_ids varchar(800) not null,
    student_names varchar(800) not null,
    programmes varchar(65535) not null,
    start_dates varchar(800) not null,
    fees double(10) not null,
    rate double(5) not null,
    commission double(10) not null,
    gst_amount double(10) not null,
    total_amount double(10) not null,
    primary key (id)
)
create table if not exists company (
    id int(15) not null AUTO_INCREMENT,
    company_name varchar(255) not null,
    address varchar(255) not null,
    post_address varchar(255) not null,
    phone varchar(50) not null,
    email varchar(255) not null,
    gst varchar(255) not null,
    account_name varchar(255) not null,
    account_number varchar(255) not null,
    bank varchar(255) not null,
    swift_code varchar(255) not null,
    primary key (id)
)
' (line 48): You have an error in your SQL syntax; check the manual that corresponds to your MySQL server version for the right syntax to use near 'create table if not exists school (
    id int(15) not null AUTO_INCREMENT,
    ' at line 7

-------
06/24/2017 15:24:58
-------

Error executing 'create table if not exists school (
    id int(15) not null AUTO_INCREMENT,
    school_name varchar(255) not null,
    primary key (id)
)
create table if not exists client_record (
    id int(15) not null AUTO_INCREMENT,
    rows_count int(5) not null,
    description varchar(800) not null,
    amount double(255),
    total_amount double(255),
    primary key (id)
)
create table if not exists school_record (
    id int(15) not null AUTO_INCREMENT,
    rows_count int(5) not null,
    student_ids varchar(800) not null,
    student_names varchar(800) not null,
    programmes varchar(65535) not null,
    start_dates varchar(800) not null,
    fees double(10) not null,
    rate double(5) not null,
    commission double(10) not null,
    gst_amount double(10) not null,
    total_amount double(10) not null,
    primary key (id)
)
create table if not exists company (
    id int(15) not null AUTO_INCREMENT,
    company_name varchar(255) not null,
    address varchar(255) not null,
    post_address varchar(255) not null,
    phone varchar(50) not null,
    email varchar(255) not null,
    gst varchar(255) not null,
    account_name varchar(255) not null,
    account_number varchar(255) not null,
    bank varchar(255) not null,
    swift_code varchar(255) not null,
    primary key (id)
)
' (line 49): You have an error in your SQL syntax; check the manual that corresponds to your MySQL server version for the right syntax to use near 'create table if not exists client_record (
    id int(15) not null AUTO_INCREMEN' at line 6

-------
06/27/2017 15:27:06
-------

Error executing 'create table if not exists client_record (
    id int(15) not null AUTO_INCREMENT,
    rows_count int(5) not null,
    description varchar(800) not null,
    amount double(255),
    total_amount double(255),
    primary key (id)
)
create table if not exists school_record (
    id int(15) not null AUTO_INCREMENT,
    rows_count int(5) not null,
    student_ids varchar(800) not null,
    student_names varchar(800) not null,
    programmes varchar(65535) not null,
    start_dates varchar(800) not null,
    fees double(10) not null,
    rate double(5) not null,
    commission double(10) not null,
    gst_amount double(10) not null,
    total_amount double(10) not null,
    primary key (id)
)
create table if not exists company (
    id int(15) not null AUTO_INCREMENT,
    company_name varchar(255) not null,
    address varchar(255) not null,
    post_address varchar(255) not null,
    phone varchar(50) not null,
    email varchar(255) not null,
    gst varchar(255) not null,
    account_name varchar(255) not null,
    account_number varchar(255) not null,
    bank varchar(255) not null,
    swift_code varchar(255) not null,
    primary key (id)
)
' (line 50): You have an error in your SQL syntax; check the manual that corresponds to your MySQL server version for the right syntax to use near '),
    total_amount double(255),
    primary key (id)
)
create table if not exis' at line 5

-------
06/28/2017 15:28:23
-------

Error executing 'create table if not exists client_record (
    id int(15) not null AUTO_INCREMENT,
    rows_count int(5) not null,
    description varchar(800) not null,
    amount double(255),
    total_amount double(255),
    constraint primary key (id)
) ' (line 21): You have an error in your SQL syntax; check the manual that corresponds to your MySQL server version for the right syntax to use near '),
    total_amount double(255),
    constraint primary key (id)
)' at line 5
Error executing 'create table if not exists school_record (
    id int(15) not null AUTO_INCREMENT,
    rows_count int(5) not null,
    student_ids varchar(800) not null,
    student_names varchar(800) not null,
    programmes varchar(65535) not null,
    start_dates varchar(800) not null,
    fees double(10) not null,
    rate double(5) not null,
    commission double(10) not null,
    gst_amount double(10) not null,
    total_amount double(10) not null,
    constraint primary key (id)
) ' (line 35): You have an error in your SQL syntax; check the manual that corresponds to your MySQL server version for the right syntax to use near ') not null,
    rate double(5) not null,
    commission double(10) not null,
   ' at line 8
Error executing '' (line 50): Can not issue empty query.

-------
06/33/2017 15:33:50
-------

Error executing '/*create table if not exists school (
    id int(15) not null AUTO_INCREMENT,
    school_name varchar(255) not null,
    constraint primary key (id)
) ' (line 12): You have an error in your SQL syntax; check the manual that corresponds to your MySQL server version for the right syntax to use near '/*create table if not exists school (
    id int(15) not null AUTO_INCREMENT,
  ' at line 5
Error executing 'create table if not exists client_record (
    id int(15) not null AUTO_INCREMENT,
    rows_count int(5) not null,
    description varchar(800) not null,
    amount double(255),
    total_amount double(255),
    constraint primary key (id)
) ' (line 21): You have an error in your SQL syntax; check the manual that corresponds to your MySQL server version for the right syntax to use near '),
    total_amount double(255),
    constraint primary key (id)
)' at line 5
Error executing 'create table if not exists school_record (
    id int(15) not null AUTO_INCREMENT,
    rows_count int(5) not null,
    student_ids varchar(800) not null,
    student_names varchar(800) not null,
    programmes varchar(65535) not null,
    start_dates varchar(800) not null,
    fees double(10) not null,
    rate double(5) not null,
    commission double(10) not null,
    gst_amount double(10) not null,
    total_amount double(10) not null,
    constraint primary key (id)
) ' (line 35): You have an error in your SQL syntax; check the manual that corresponds to your MySQL server version for the right syntax to use near ') not null,
    rate double(5) not null,
    commission double(10) not null,
   ' at line 8
Error executing 'create table if not exists company (
    id int(15) not null AUTO_INCREMENT,
    company_name varchar(255) not null,
    address varchar(255) not null,
    post_address varchar(255) not null,
    phone varchar(50) not null,
    email varchar(255) not null,
    gst varchar(255) not null,
    account_name varchar(255) not null,
    account_number varchar(255) not null,
    bank varchar(255) not null,
    swift_code varchar(255) not null,
    constraint primary key (id)
);*/
' (line 50): You have an error in your SQL syntax; check the manual that corresponds to your MySQL server version for the right syntax to use near '*/' at line 14

-------
06/34/2017 15:34:20
-------

Error executing '' (line 9): Can not issue empty query.

-------
06/34/2017 15:34:54
-------


-------
06/35/2017 15:35:01
-------


-------
06/36/2017 15:36:52
-------

Error executing 'create table if not exists client_record (
    id int(15) not null primary key AUTO_INCREMENT,
    rows_count int(5) not null,
    description varchar(800) not null,
    amount double(255),
    total_amount double(255)
) ' (line 18): You have an error in your SQL syntax; check the manual that corresponds to your MySQL server version for the right syntax to use near '),
    total_amount double(255)
)' at line 5
Error executing 'create table if not exists school_record (
    id int(15) not null primary key AUTO_INCREMENT,
    rows_count int(5) not null,
    student_ids varchar(800) not null,
    student_names varchar(800) not null,
    programmes varchar(65535) not null,
    start_dates varchar(800) not null,
    fees double(10) not null,
    rate double(5) not null,
    commission double(10) not null,
    gst_amount double(10) not null,
    total_amount double(10) not null
) ' (line 31): You have an error in your SQL syntax; check the manual that corresponds to your MySQL server version for the right syntax to use near ') not null,
    rate double(5) not null,
    commission double(10) not null,
   ' at line 8

-------
06/38/2017 15:38:13
-------

Error executing 'create table if not exists client_record (
    id int(15) not null primary key AUTO_INCREMENT,
    rows_count int(5) not null,
    description varchar(800) not null,
    amount double(10) not null,
    total_amount double(10) not null
) ' (line 18): You have an error in your SQL syntax; check the manual that corresponds to your MySQL server version for the right syntax to use near ') not null,
    total_amount double(10) not null
)' at line 5
Error executing 'create table if not exists school_record (
    id int(15) not null primary key AUTO_INCREMENT,
    rows_count int(5) not null,
    student_ids varchar(800) not null,
    student_names varchar(800) not null,
    programmes varchar(65535) not null,
    start_dates varchar(800) not null,
    fees double(10) not null,
    rate double(5) not null,
    commission double(10) not null,
    gst_amount double(10) not null,
    total_amount double(10) not null
) ' (line 31): You have an error in your SQL syntax; check the manual that corresponds to your MySQL server version for the right syntax to use near ') not null,
    rate double(5) not null,
    commission double(10) not null,
   ' at line 8

-------
06/40/2017 15:40:01
-------

Error executing 'create table if not exists client_record (
    id int(15) not null primary key AUTO_INCREMENT,
    rows_count int(5) not null,
    description varchar(800) not null,
    amount double(5) not null,
    total_amount double(5) not null
) ' (line 18): You have an error in your SQL syntax; check the manual that corresponds to your MySQL server version for the right syntax to use near ') not null,
    total_amount double(5) not null
)' at line 5
Error executing 'create table if not exists school_record (
    id int(15) not null primary key AUTO_INCREMENT,
    rows_count int(5) not null,
    student_ids varchar(800) not null,
    student_names varchar(800) not null,
    programmes varchar(65535) not null,
    start_dates varchar(800) not null,
    fees double(10) not null,
    rate double(5) not null,
    commission double(10) not null,
    gst_amount double(10) not null,
    total_amount double(10) not null
) ' (line 31): You have an error in your SQL syntax; check the manual that corresponds to your MySQL server version for the right syntax to use near ') not null,
    rate double(5) not null,
    commission double(10) not null,
   ' at line 8

-------
06/45/2017 15:45:36
-------

Error executing 'create table if not exists school_record (
    id int(15) not null primary key AUTO_INCREMENT,
    rows_count int(5) not null,
    student_ids varchar(800) not null,
    student_names varchar(800) not null,
    programmes varchar(65535) not null,
    start_dates varchar(800) not null,
    fees float(10) not null,
    rate float(10) not null,
    commission float(10) not null,
    gst_amount float(10) not null,
    total_amount float(10) not null
) ' (line 31): Row size too large. The maximum row size for the used table type, not counting BLOBs, is 65535. This includes storage overhead, check the manual. You have to change some columns to TEXT or BLOBs

-------
06/46/2017 15:46:23
-------

Error executing 'create table if not exists school_record (
    id int(15) not null primary key AUTO_INCREMENT,
    rows_count int(5) not null,
    student_ids varchar(800) not null,
    student_names varchar(800) not null,
    programmes TEXT(2MB) not null,
    start_dates varchar(800) not null,
    fees float(10) not null,
    rate float(10) not null,
    commission float(10) not null,
    gst_amount float(10) not null,
    total_amount float(10) not null
) ' (line 31): You have an error in your SQL syntax; check the manual that corresponds to your MySQL server version for the right syntax to use near '2MB) not null,
    start_dates varchar(800) not null,
    fees float(10) not nul' at line 6

-------
06/47/2017 15:47:46
-------


-------
08/53/2017 11:53:10
-------


-------
08/12/2017 14:12:34
-------


-------
08/14/2017 14:14:40
-------


-------
08/15/2017 14:15:36
-------


-------
08/28/2017 14:28:56
-------


-------
08/55/2017 14:55:04
-------


-------
08/58/2017 14:58:08
-------


-------
08/01/2017 15:01:44
-------


-------
08/10/2017 15:10:10
-------


-------
08/10/2017 15:10:17
-------


-------
08/12/2017 15:12:12
-------


-------
08/29/2017 15:29:41
-------


-------
08/30/2017 15:30:50
-------


-------
08/32/2017 15:32:16
-------


-------
08/32/2017 15:32:25
-------


-------
08/23/2017 18:23:17
-------


-------
08/24/2017 18:24:26
-------


-------
11/33/2017 10:33:02
-------


-------
11/53/2017 13:53:16
-------


-------
11/20/2017 14:20:38
-------


-------
11/16/2017 15:16:00
-------


-------
11/41/2017 16:41:24
-------


-------
11/44/2017 16:44:58
-------


-------
11/46/2017 16:46:10
-------


-------
11/49/2017 16:49:18
-------


-------
11/47/2017 17:47:38
-------


-------
11/50/2017 17:50:19
-------


-------
29/20/2017 11:20:44
-------


-------
29/21/2017 11:21:15
-------


-------
29/22/2017 11:22:24
-------


-------
29/29/2017 11:29:16
-------


-------
29/31/2017 11:31:41
-------


-------
29/32/2017 11:32:49
-------


-------
29/32/2017 11:32:55
-------


-------
29/36/2017 11:36:21
-------


-------
29/41/2017 11:41:13
-------


-------
29/41/2017 11:41:20
-------


-------
29/52/2017 11:52:19
-------


-------
29/52/2017 11:52:26
-------


-------
29/54/2017 11:54:42
-------


-------
29/54/2017 11:54:49
-------


-------
29/56/2017 11:56:01
-------


-------
29/56/2017 11:56:08
-------


-------
29/57/2017 11:57:33
-------


-------
29/57/2017 11:57:40
-------


-------
29/58/2017 11:58:37
-------


-------
29/58/2017 11:58:43
-------


-------
29/07/2017 13:07:41
-------


-------
29/07/2017 13:07:48
-------


-------
29/11/2017 13:11:07
-------


-------
29/11/2017 13:11:14
-------


-------
29/11/2017 13:11:58
-------


-------
29/12/2017 13:12:05
-------


-------
29/17/2017 13:17:45
-------


-------
29/17/2017 13:17:51
-------


-------
29/19/2017 13:19:08
-------


-------
29/19/2017 13:19:15
-------


-------
29/24/2017 16:24:31
-------


-------
29/25/2017 16:25:38
-------


-------
29/29/2017 16:29:08
-------


-------
29/30/2017 16:30:48
-------


-------
29/36/2017 16:36:47
-------


-------
29/37/2017 16:37:27
-------


-------
29/37/2017 16:37:40
-------


-------
29/40/2017 16:40:06
-------


-------
29/41/2017 16:41:43
-------


-------
29/43/2017 16:43:12
-------


-------
29/55/2017 16:55:08
-------


-------
29/58/2017 16:58:04
-------


-------
29/58/2017 16:58:43
-------


-------
29/00/2017 17:00:20
-------


-------
29/00/2017 17:00:27
-------


-------
29/05/2017 17:05:44
-------


-------
29/07/2017 17:07:42
-------


-------
29/07/2017 17:07:49
-------


-------
29/10/2017 17:10:16
-------


-------
29/10/2017 17:10:33
-------


-------
29/10/2017 17:10:40
-------


-------
29/11/2017 17:11:47
-------


-------
29/12/2017 17:12:02
-------


-------
29/12/2017 17:12:56
-------


-------
29/14/2017 17:14:06
-------


-------
29/14/2017 17:14:13
-------


-------
29/14/2017 17:14:27
-------


-------
29/14/2017 17:14:34
-------


-------
29/15/2017 17:15:30
-------


-------
29/15/2017 17:15:57
-------


-------
29/16/2017 17:16:16
-------


-------
29/16/2017 17:16:44
-------


-------
29/16/2017 17:16:51
-------


-------
29/16/2017 17:16:59
-------


-------
29/17/2017 17:17:08
-------


-------
29/17/2017 17:17:15
-------


-------
02/02/2017 11:02:17
-------


-------
02/02/2017 11:02:24
-------


-------
02/22/2017 11:22:28
-------


-------
02/22/2017 11:22:35
-------


-------
02/23/2017 11:23:38
-------


-------
02/23/2017 11:23:44
-------


-------
02/29/2017 11:29:04
-------


-------
02/29/2017 11:29:11
-------


-------
02/34/2017 11:34:31
-------


-------
02/34/2017 11:34:38
-------


-------
02/36/2017 11:36:45
-------


-------
02/36/2017 11:36:52
-------


-------
02/47/2017 15:47:49
-------


-------
02/47/2017 15:47:56
-------


-------
02/52/2017 15:52:41
-------


-------
02/52/2017 15:52:48
-------


-------
02/54/2017 15:54:54
-------


-------
02/55/2017 15:55:01
-------


-------
02/57/2017 15:57:28
-------


-------
02/57/2017 15:57:35
-------


-------
02/00/2017 16:00:00
-------


-------
02/00/2017 16:00:06
-------


-------
02/01/2017 16:01:18
-------


-------
02/01/2017 16:01:25
-------


-------
02/12/2017 16:12:40
-------


-------
02/12/2017 16:12:47
-------


-------
02/13/2017 16:13:45
-------


-------
02/13/2017 16:13:52
-------


-------
02/15/2017 16:15:54
-------


-------
02/16/2017 16:16:01
-------


-------
02/17/2017 16:17:38
-------


-------
02/17/2017 16:17:45
-------


-------
02/20/2017 16:20:14
-------


-------
02/20/2017 16:20:21
-------


-------
02/53/2017 16:53:48
-------


-------
02/53/2017 16:53:55
-------


-------
02/30/2017 17:30:26
-------


-------
02/30/2017 17:30:33
-------


-------
02/31/2017 17:31:56
-------


-------
02/32/2017 17:32:03
-------


-------
02/32/2017 17:32:10
-------


-------
02/57/2017 17:57:09
-------


-------
02/57/2017 17:57:15
-------


-------
02/57/2017 17:57:22
-------


-------
02/57/2017 17:57:39
-------


-------
02/00/2017 18:00:56
-------


-------
02/01/2017 18:01:02
-------


-------
02/01/2017 18:01:09
-------


-------
02/01/2017 18:01:20
-------


-------
02/23/2017 18:23:27
-------


-------
02/23/2017 18:23:34
-------


-------
02/23/2017 18:23:40
-------


-------
02/24/2017 18:24:09
-------


-------
02/24/2017 18:24:15
-------


-------
02/26/2017 18:26:05
-------


-------
02/26/2017 18:26:12
-------


-------
02/26/2017 18:26:18
-------


-------
02/26/2017 18:26:48
-------


-------
02/26/2017 18:26:55
-------


-------
02/28/2017 18:28:43
-------


-------
02/28/2017 18:28:50
-------


-------
02/28/2017 18:28:57
-------


-------
02/29/2017 18:29:07
-------


-------
02/31/2017 18:31:05
-------


-------
02/31/2017 18:31:12
-------


-------
02/31/2017 18:31:19
-------


-------
02/31/2017 18:31:31
-------


-------
02/31/2017 18:31:38
-------


-------
02/31/2017 18:31:45
-------


-------
02/39/2017 18:39:35
-------


-------
02/39/2017 18:39:42
-------


-------
02/39/2017 18:39:49
-------


-------
02/40/2017 18:40:17
-------


-------
02/40/2017 18:40:23
-------


-------
02/40/2017 18:40:30
-------


-------
03/13/2017 11:13:06
-------


-------
03/13/2017 11:13:12
-------


-------
03/13/2017 11:13:19
-------


-------
03/13/2017 11:13:30
-------


-------
03/13/2017 11:13:37
-------


-------
03/13/2017 11:13:44
-------


-------
03/40/2017 11:40:59
-------


-------
03/41/2017 11:41:06
-------


-------
03/41/2017 11:41:12
-------


-------
03/42/2017 11:42:19
-------


-------
03/42/2017 11:42:26
-------


-------
03/42/2017 11:42:34
-------


-------
03/43/2017 11:43:20
-------


-------
03/43/2017 11:43:27
-------


-------
03/43/2017 11:43:33
-------


-------
03/48/2017 11:48:43
-------


-------
03/48/2017 11:48:50
-------


-------
03/48/2017 11:48:56
-------


-------
03/50/2017 11:50:38
-------


-------
03/50/2017 11:50:44
-------


-------
03/50/2017 11:50:51
-------


-------
03/51/2017 11:51:18
-------


-------
03/51/2017 11:51:25
-------


-------
03/51/2017 11:51:31
-------


-------
03/51/2017 11:51:58
-------


-------
03/52/2017 11:52:05
-------


-------
03/52/2017 11:52:11
-------


-------
03/52/2017 11:52:52
-------


-------
03/52/2017 11:52:59
-------


-------
03/53/2017 11:53:06
-------


-------
03/02/2017 12:02:29
-------


-------
03/02/2017 12:02:36
-------


-------
03/02/2017 12:02:43
-------


-------
03/15/2017 15:15:40
-------


-------
03/15/2017 15:15:47
-------


-------
03/15/2017 15:15:53
-------


-------
03/07/2017 17:07:22
-------


-------
03/07/2017 17:07:29
-------


-------
03/08/2017 17:08:02
-------


-------
03/08/2017 17:08:09
-------


-------
03/08/2017 17:08:15
-------


-------
03/12/2017 17:12:11
-------


-------
03/12/2017 17:12:18
-------


-------
03/13/2017 17:13:12
-------


-------
03/13/2017 17:13:19
-------


-------
03/13/2017 17:13:25
-------


-------
03/19/2017 17:19:23
-------


-------
03/19/2017 17:19:29
-------


-------
03/20/2017 17:20:31
-------


-------
03/20/2017 17:20:38
-------


-------
03/21/2017 17:21:44
-------


-------
03/21/2017 17:21:51
-------


-------
03/57/2017 17:57:34
-------


-------
03/57/2017 17:57:41
-------


-------
03/57/2017 17:57:48
-------


-------
03/58/2017 17:58:44
-------


-------
03/01/2017 18:01:02
-------


-------
03/01/2017 18:01:09
-------


-------
03/01/2017 18:01:15
-------


-------
03/04/2017 18:04:02
-------


-------
03/07/2017 18:07:24
-------


-------
03/07/2017 18:07:31
-------


-------
03/07/2017 18:07:37
-------


-------
03/07/2017 18:07:57
-------


-------
03/43/2017 18:43:12
-------


-------
03/43/2017 18:43:19
-------


-------
03/43/2017 18:43:52
-------


-------
03/43/2017 18:43:59
-------


-------
03/45/2017 18:45:00
-------


-------
03/45/2017 18:45:07
-------


-------
03/45/2017 18:45:42
-------


-------
03/45/2017 18:45:49
-------


-------
03/47/2017 18:47:39
-------


-------
03/47/2017 18:47:46
-------


-------
03/48/2017 18:48:15
-------


-------
03/48/2017 18:48:22
-------


-------
04/09/2017 13:09:22
-------


-------
04/12/2017 13:12:55
-------


-------
04/20/2017 13:20:24
-------


-------
04/22/2017 13:22:09
-------


-------
04/23/2017 13:23:20
-------


-------
04/27/2017 13:27:35
-------


-------
04/28/2017 13:28:32
-------


-------
04/32/2017 13:32:59
-------


-------
04/35/2017 13:35:59
-------


-------
04/43/2017 13:43:27
-------


-------
04/44/2017 13:44:20
-------


-------
04/49/2017 13:49:54
-------


-------
04/51/2017 13:51:18
-------


-------
04/52/2017 13:52:10
-------


-------
04/57/2017 13:57:11
-------


-------
04/15/2017 14:15:43
-------


-------
04/28/2017 14:28:29
-------


-------
04/30/2017 14:30:04
-------


-------
05/42/2017 10:42:01
-------


-------
05/12/2017 11:12:54
-------


-------
05/14/2017 11:14:09
-------


-------
05/14/2017 11:14:44
-------


-------
05/16/2017 11:16:55
-------


-------
05/18/2017 11:18:05
-------


-------
05/36/2017 15:36:56
-------


-------
05/37/2017 15:37:03
-------


-------
05/37/2017 15:37:09
-------


-------
05/39/2017 15:39:55
-------


-------
05/40/2017 15:40:02
-------


-------
05/40/2017 15:40:08
-------


-------
05/41/2017 15:41:18
-------


-------
05/41/2017 15:41:25
-------


-------
05/42/2017 15:42:15
-------


-------
05/42/2017 15:42:22
-------


-------
05/42/2017 15:42:53
-------


-------
05/43/2017 15:43:00
-------


-------
05/43/2017 15:43:40
-------


-------
05/43/2017 15:43:49
-------


-------
05/44/2017 15:44:30
-------


-------
05/44/2017 15:44:39
-------


-------
05/46/2017 15:46:12
-------


-------
05/46/2017 15:46:20
-------


-------
05/47/2017 15:47:05
-------


-------
05/47/2017 15:47:13
-------


-------
05/55/2017 15:55:54
-------


-------
05/56/2017 15:56:03
-------


-------
05/58/2017 15:58:25
-------


-------
05/58/2017 15:58:34
-------


-------
05/01/2017 16:01:48
-------


-------
05/01/2017 16:01:56
-------


-------
05/03/2017 16:03:30
-------


-------
05/03/2017 16:03:39
-------


-------
05/08/2017 16:08:38
-------


-------
05/08/2017 16:08:47
-------


-------
05/13/2017 16:13:33
-------


-------
05/13/2017 16:13:42
-------


-------
05/16/2017 16:16:05
-------


-------
05/16/2017 16:16:14
-------


-------
05/16/2017 16:16:46
-------


-------
05/16/2017 16:16:55
-------


-------
05/20/2017 16:20:48
-------


-------
05/20/2017 16:20:57
-------


-------
05/26/2017 16:26:35
-------


-------
05/26/2017 16:26:44
-------


-------
05/27/2017 16:27:19
-------


-------
05/27/2017 16:27:27
-------


-------
05/38/2017 16:38:26
-------


-------
05/38/2017 16:38:34
-------


-------
05/39/2017 16:39:55
-------


-------
05/40/2017 16:40:04
-------


-------
05/55/2017 16:55:45
-------


-------
05/55/2017 16:55:54
-------


-------
05/06/2017 17:06:46
-------


-------
05/06/2017 17:06:56
-------


-------
05/14/2017 17:14:58
-------


-------
05/15/2017 17:15:07
-------


-------
05/15/2017 17:15:42
-------


-------
05/15/2017 17:15:51
-------


-------
05/50/2017 17:50:52
-------


-------
05/51/2017 17:51:01
-------


-------
05/02/2017 18:02:21
-------


-------
05/02/2017 18:02:30
-------


-------
05/06/2017 18:06:21
-------


-------
05/06/2017 18:06:30
-------


-------
05/07/2017 18:07:09
-------


-------
05/07/2017 18:07:18
-------


-------
05/10/2017 18:10:07
-------


-------
05/10/2017 18:10:16
-------


-------
06/13/2017 14:13:19
-------


-------
06/13/2017 14:13:28
-------


-------
06/19/2017 14:19:36
-------


-------
06/19/2017 14:19:45
-------


-------
06/22/2017 14:22:00
-------


-------
06/22/2017 14:22:09
-------


-------
06/23/2017 14:23:24
-------


-------
06/23/2017 14:23:33
-------


-------
06/26/2017 14:26:01
-------


-------
06/26/2017 14:26:09
-------


-------
06/26/2017 14:26:30
-------


-------
06/27/2017 14:27:29
-------


-------
06/27/2017 14:27:38
-------


-------
06/27/2017 14:27:50
-------


-------
06/27/2017 14:27:57
-------


-------
06/29/2017 14:29:32
-------


-------
06/29/2017 14:29:41
-------


-------
06/29/2017 14:29:59
-------


-------
06/30/2017 14:30:06
-------


-------
06/31/2017 14:31:06
-------


-------
06/31/2017 14:31:15
-------


-------
06/31/2017 14:31:30
-------


-------
06/31/2017 14:31:37
-------


-------
06/35/2017 14:35:46
-------


-------
06/35/2017 14:35:55
-------


-------
06/36/2017 14:36:08
-------


-------
06/36/2017 14:36:15
-------


-------
06/36/2017 14:36:30
-------


-------
06/36/2017 14:36:36
-------


-------
06/36/2017 14:36:43
-------


-------
06/36/2017 14:36:50
-------


-------
06/36/2017 14:36:57
-------


-------
06/37/2017 14:37:04
-------


-------
06/37/2017 14:37:11
-------


-------
06/37/2017 14:37:17
-------


-------
06/37/2017 14:37:24
-------


-------
06/37/2017 14:37:31
-------


-------
06/37/2017 14:37:41
-------


-------
06/37/2017 14:37:48
-------


-------
06/00/2017 15:00:49
-------


-------
06/00/2017 15:00:58
-------


-------
06/01/2017 15:01:11
-------


-------
06/01/2017 15:01:18
-------


-------
06/01/2017 15:01:45
-------


-------
06/01/2017 15:01:52
-------


-------
06/02/2017 15:02:16
-------


-------
06/02/2017 15:02:23
-------


-------
06/12/2017 15:12:00
-------


-------
06/12/2017 15:12:09
-------


-------
06/12/2017 15:12:22
-------


-------
06/12/2017 15:12:29
-------


-------
06/13/2017 15:13:45
-------


-------
06/13/2017 15:13:52
-------


-------
06/14/2017 15:14:43
-------


-------
06/14/2017 15:14:52
-------


-------
06/15/2017 15:15:05
-------


-------
06/15/2017 15:15:12
-------


-------
06/15/2017 15:15:53
-------


-------
06/16/2017 15:16:00
-------


-------
06/23/2017 15:23:29
-------


-------
06/23/2017 15:23:38
-------


-------
06/25/2017 15:25:07
-------


-------
06/25/2017 15:25:14
-------


-------
06/29/2017 15:29:59
-------


-------
06/30/2017 15:30:08
-------


-------
06/30/2017 15:30:23
-------


-------
06/30/2017 15:30:30
-------


-------
06/33/2017 15:33:09
-------


-------
06/33/2017 15:33:16
-------


-------
06/33/2017 15:33:23
-------


-------
06/33/2017 15:33:54
-------


-------
06/34/2017 15:34:03
-------


-------
06/34/2017 15:34:26
-------


-------
06/34/2017 15:34:33
-------


-------
06/37/2017 15:37:26
-------


-------
06/37/2017 15:37:34
-------


-------
06/37/2017 15:37:48
-------


-------
06/37/2017 15:37:55
-------


-------
06/39/2017 15:39:52
-------


-------
06/40/2017 15:40:01
-------


-------
06/40/2017 15:40:16
-------


-------
06/40/2017 15:40:23
-------


-------
06/42/2017 15:42:32
-------


-------
06/42/2017 15:42:41
-------


-------
06/42/2017 15:42:55
-------


-------
06/43/2017 15:43:02
-------


-------
06/45/2017 15:45:08
-------


-------
06/45/2017 15:45:17
-------


-------
06/45/2017 15:45:30
-------


-------
06/45/2017 15:45:37
-------


-------
06/02/2017 16:02:04
-------


-------
06/02/2017 16:02:13
-------


-------
06/02/2017 16:02:58
-------


-------
06/03/2017 16:03:05
-------


-------
06/04/2017 16:04:25
-------


-------
06/05/2017 16:05:23
-------


-------
06/05/2017 16:05:33
-------


-------
06/06/2017 16:06:52
-------


-------
06/06/2017 16:06:58
-------


-------
06/09/2017 16:09:40
-------


-------
06/09/2017 16:09:49
-------


-------
06/10/2017 16:10:39
-------


-------
06/10/2017 16:10:47
-------


-------
06/11/2017 16:11:16
-------


-------
06/11/2017 16:11:31
-------


-------
06/16/2017 16:16:57
-------


-------
06/17/2017 16:17:06
-------


-------
06/17/2017 16:17:34
-------


-------
06/17/2017 16:17:43
-------


-------
06/17/2017 16:17:58
-------


-------
06/18/2017 16:18:05
-------


-------
06/19/2017 16:19:37
-------


-------
06/22/2017 16:22:45
-------


-------
06/22/2017 16:22:52
-------


-------
06/37/2017 16:37:23
-------


-------
06/37/2017 16:37:32
-------


-------
06/38/2017 16:38:41
-------


-------
06/38/2017 16:38:48
-------


-------
06/40/2017 16:40:06
-------


-------
06/28/2017 17:28:15
-------


-------
06/28/2017 17:28:25
-------


-------
06/28/2017 17:28:46
-------


-------
06/28/2017 17:28:53
-------


-------
06/29/2017 17:29:12
-------


-------
06/38/2017 17:38:48
-------


-------
06/38/2017 17:38:57
-------


-------
06/39/2017 17:39:25
-------


-------
06/39/2017 17:39:32
-------


-------
06/39/2017 17:39:45
-------


-------
06/41/2017 17:41:12
-------


-------
06/41/2017 17:41:21
-------


-------
06/46/2017 17:46:17
-------


-------
06/46/2017 17:46:26
-------


-------
06/52/2017 17:52:22
-------


-------
06/52/2017 17:52:31
-------


-------
06/53/2017 17:53:26
-------


-------
06/53/2017 17:53:35
-------


-------
06/54/2017 17:54:17
-------


-------
06/54/2017 17:54:24
-------


-------
06/55/2017 17:55:20
-------


-------
06/57/2017 17:57:13
-------


-------
06/57/2017 17:57:22
-------


-------
06/03/2017 18:03:55
-------


-------
06/04/2017 18:04:04
-------


-------
06/04/2017 18:04:17
-------


-------
06/04/2017 18:04:25
-------


-------
06/04/2017 18:04:37
-------


-------
06/12/2017 18:12:13
-------


-------
06/12/2017 18:12:22
-------


-------
06/15/2017 18:15:59
-------


-------
06/16/2017 18:16:06
-------


-------
06/16/2017 18:16:18
-------


-------
06/17/2017 18:17:24
-------


-------
06/17/2017 18:17:33
-------


-------
06/19/2017 18:19:35
-------


-------
06/19/2017 18:19:42
-------


-------
06/34/2017 18:34:23
-------


-------
25/53/2017 12:53:41
-------


-------
25/54/2017 12:54:43
-------


-------
25/54/2017 12:54:54
-------


-------
25/56/2017 12:56:02
-------


-------
25/56/2017 12:56:11
-------


-------
25/59/2017 12:59:00
-------


-------
25/59/2017 12:59:11
-------


-------
25/59/2017 12:59:22
-------


-------
25/22/2017 13:22:21
-------


-------
25/22/2017 13:22:33
-------


-------
25/23/2017 13:23:00
-------


-------
25/23/2017 13:23:08
-------


-------
25/25/2017 13:25:31
-------


-------
25/25/2017 13:25:41
-------


-------
25/26/2017 13:26:12
-------


-------
25/26/2017 13:26:21
-------


-------
25/26/2017 13:26:51
-------


-------
25/26/2017 13:26:59
-------


-------
25/31/2017 13:31:14
-------


-------
25/31/2017 13:31:25
-------


-------
25/31/2017 13:31:52
-------


-------
25/32/2017 13:32:00
-------


-------
25/32/2017 13:32:43
-------


-------
25/39/2017 13:39:08
-------


-------
25/39/2017 13:39:19
-------


-------
25/41/2017 13:41:23
-------


-------
25/44/2017 13:44:53
-------


-------
25/45/2017 13:45:04
-------


-------
25/46/2017 13:46:36
-------


-------
25/46/2017 13:46:47
-------


-------
25/49/2017 13:49:29
-------


-------
25/55/2017 13:55:01
-------


-------
25/55/2017 13:55:12
-------


-------
25/56/2017 13:56:26
-------


-------
25/58/2017 13:58:06
-------


-------
25/58/2017 13:58:16
-------


-------
25/00/2017 14:00:16
-------


-------
25/43/2017 14:43:30
-------


-------
25/43/2017 14:43:41
-------


-------
25/44/2017 14:44:14
-------


-------
25/51/2017 14:51:55
-------


-------
25/52/2017 14:52:07
-------


-------
25/52/2017 14:52:32
-------


-------
25/01/2017 15:01:37
-------


-------
25/01/2017 15:01:48
-------


-------
25/02/2017 15:02:09
-------


-------
25/38/2017 15:38:17
-------


-------
25/38/2017 15:38:42
-------


-------
25/41/2017 15:41:14
-------


-------
25/41/2017 15:41:28
-------


-------
25/41/2017 15:41:38
-------


-------
25/42/2017 15:42:10
-------


-------
30/41/2017 16:41:31
-------


-------
30/58/2017 16:58:50
-------


-------
30/59/2017 16:59:59
-------


-------
30/00/2017 17:00:10
-------


-------
30/00/2017 17:00:27
-------


-------
30/00/2017 17:00:35
-------


-------
30/01/2017 17:01:50
-------


-------
30/03/2017 17:03:27
-------


-------
30/03/2017 17:03:38
-------

